2021-10-25 15:37:05,110 - WIZARD-SERVER - INFO - Python : 3.9.7 (tags/v3.9.7:1016ef3, Aug 30 2021, 20:19:38) [MSC v.1929 64 bit (AMD64)]
2021-10-25 15:37:05,110 - WIZARD-SERVER - INFO - Starting server on : '192.168.0.26'
2021-10-25 15:37:05,110 - WIZARD-SERVER - INFO - Default port : '50333'
2021-10-25 15:37:05,110 - WIZARD-SERVER - INFO - Server started
2021-10-25 15:37:09,632 - WIZARD-SERVER - INFO - test_conn
2021-10-25 15:37:11,421 - WIZARD-SERVER - INFO - New client : admin, ('192.168.0.26', 52474), dev2
2021-10-25 15:37:11,421 - WIZARD-SERVER - DEBUG - Broadcasting : {'type': 'new_user', 'user_name': 'admin', 'project': 'dev2'}
2021-10-25 15:37:17,446 - WIZARD-SERVER - DEBUG - Broadcasting : {'type': 'refresh_team', 'project': 'dev2'}
2021-10-25 15:38:48,360 - WIZARD-SERVER - DEBUG - Traceback (most recent call last):
  File "D:\SCRIPT\wizard_2\server.py", line 103, in recvall_with_given_len
    packet = sock.recv(n - len(data))
ConnectionResetError: [WinError 10054] An existing connection was forcibly closed by the remote host

2021-10-25 15:38:48,360 - WIZARD-SERVER - INFO - Removing client : admin, ('192.168.0.26', 52474), dev2
2021-10-25 15:38:48,360 - WIZARD-SERVER - DEBUG - Broadcasting : {'type': 'remove_user', 'user_name': 'admin', 'project': 'dev2'}
2021-10-25 15:38:53,738 - WIZARD-SERVER - INFO - test_conn
2021-10-25 15:38:55,539 - WIZARD-SERVER - INFO - New client : admin, ('192.168.0.26', 52609), dev2
2021-10-25 15:38:55,539 - WIZARD-SERVER - DEBUG - Broadcasting : {'type': 'new_user', 'user_name': 'admin', 'project': 'dev2'}
2021-10-25 15:39:11,324 - WIZARD-SERVER - DEBUG - Traceback (most recent call last):
  File "D:\SCRIPT\wizard_2\server.py", line 103, in recvall_with_given_len
    packet = sock.recv(n - len(data))
ConnectionResetError: [WinError 10054] An existing connection was forcibly closed by the remote host

2021-10-25 15:39:11,324 - WIZARD-SERVER - INFO - Removing client : admin, ('192.168.0.26', 52609), dev2
2021-10-25 15:39:11,324 - WIZARD-SERVER - DEBUG - Broadcasting : {'type': 'remove_user', 'user_name': 'admin', 'project': 'dev2'}
2021-10-25 15:41:11,661 - WIZARD-SERVER - INFO - test_conn
2021-10-25 15:41:13,433 - WIZARD-SERVER - INFO - New client : admin, ('192.168.0.26', 52726), dev2
2021-10-25 15:41:13,433 - WIZARD-SERVER - DEBUG - Broadcasting : {'type': 'new_user', 'user_name': 'admin', 'project': 'dev2'}
2021-10-25 15:42:05,046 - WIZARD-SERVER - DEBUG - Traceback (most recent call last):
  File "D:\SCRIPT\wizard_2\server.py", line 103, in recvall_with_given_len
    packet = sock.recv(n - len(data))
ConnectionResetError: [WinError 10054] An existing connection was forcibly closed by the remote host

2021-10-25 15:42:05,046 - WIZARD-SERVER - INFO - Removing client : admin, ('192.168.0.26', 52726), dev2
2021-10-25 15:42:05,061 - WIZARD-SERVER - DEBUG - Broadcasting : {'type': 'remove_user', 'user_name': 'admin', 'project': 'dev2'}
2021-10-25 15:42:21,770 - WIZARD-SERVER - INFO - test_conn
2021-10-25 15:42:23,660 - WIZARD-SERVER - INFO - New client : admin, ('192.168.0.26', 52839), dev2
2021-10-25 15:42:23,661 - WIZARD-SERVER - DEBUG - Broadcasting : {'type': 'new_user', 'user_name': 'admin', 'project': 'dev2'}
2021-10-25 15:42:44,364 - WIZARD-SERVER - DEBUG - Traceback (most recent call last):
  File "D:\SCRIPT\wizard_2\server.py", line 103, in recvall_with_given_len
    packet = sock.recv(n - len(data))
ConnectionResetError: [WinError 10054] An existing connection was forcibly closed by the remote host

2021-10-25 15:42:44,364 - WIZARD-SERVER - INFO - Removing client : admin, ('192.168.0.26', 52839), dev2
2021-10-25 15:42:44,380 - WIZARD-SERVER - DEBUG - Broadcasting : {'type': 'remove_user', 'user_name': 'admin', 'project': 'dev2'}
2021-10-25 15:42:59,601 - WIZARD-SERVER - INFO - test_conn
2021-10-25 15:43:01,429 - WIZARD-SERVER - INFO - New client : admin, ('192.168.0.26', 52937), dev2
2021-10-25 15:43:01,429 - WIZARD-SERVER - DEBUG - Broadcasting : {'type': 'new_user', 'user_name': 'admin', 'project': 'dev2'}
2021-10-25 15:43:33,621 - WIZARD-SERVER - DEBUG - Broadcasting : {'type': 'refresh_team', 'project': 'dev2'}
2021-10-25 15:44:33,691 - WIZARD-SERVER - DEBUG - Traceback (most recent call last):
  File "D:\SCRIPT\wizard_2\server.py", line 103, in recvall_with_given_len
    packet = sock.recv(n - len(data))
ConnectionResetError: [WinError 10054] An existing connection was forcibly closed by the remote host

2021-10-25 15:44:33,691 - WIZARD-SERVER - INFO - Removing client : admin, ('192.168.0.26', 52937), dev2
2021-10-25 15:44:33,691 - WIZARD-SERVER - DEBUG - Broadcasting : {'type': 'remove_user', 'user_name': 'admin', 'project': 'dev2'}
2021-10-25 15:44:38,428 - WIZARD-SERVER - INFO - test_conn
2021-10-25 15:44:40,327 - WIZARD-SERVER - INFO - New client : admin, ('192.168.0.26', 53191), dev2
2021-10-25 15:44:40,327 - WIZARD-SERVER - DEBUG - Broadcasting : {'type': 'new_user', 'user_name': 'admin', 'project': 'dev2'}
2021-10-25 15:45:13,038 - WIZARD-SERVER - DEBUG - Broadcasting : {'type': 'refresh_team', 'project': 'dev2'}
2021-10-25 15:45:47,746 - WIZARD-SERVER - DEBUG - Traceback (most recent call last):
  File "D:\SCRIPT\wizard_2\server.py", line 103, in recvall_with_given_len
    packet = sock.recv(n - len(data))
ConnectionResetError: [WinError 10054] An existing connection was forcibly closed by the remote host

2021-10-25 15:45:47,746 - WIZARD-SERVER - INFO - Removing client : admin, ('192.168.0.26', 53191), dev2
2021-10-25 15:45:47,746 - WIZARD-SERVER - DEBUG - Broadcasting : {'type': 'remove_user', 'user_name': 'admin', 'project': 'dev2'}
2021-10-25 15:45:52,268 - WIZARD-SERVER - INFO - test_conn
2021-10-25 15:45:54,151 - WIZARD-SERVER - INFO - New client : admin, ('192.168.0.26', 53335), dev2
2021-10-25 15:45:54,152 - WIZARD-SERVER - DEBUG - Broadcasting : {'type': 'new_user', 'user_name': 'admin', 'project': 'dev2'}
2021-10-25 15:46:19,948 - WIZARD-SERVER - DEBUG - Traceback (most recent call last):
  File "D:\SCRIPT\wizard_2\server.py", line 103, in recvall_with_given_len
    packet = sock.recv(n - len(data))
ConnectionResetError: [WinError 10054] An existing connection was forcibly closed by the remote host

2021-10-25 15:46:19,948 - WIZARD-SERVER - INFO - Removing client : admin, ('192.168.0.26', 53335), dev2
2021-10-25 15:46:19,948 - WIZARD-SERVER - DEBUG - Broadcasting : {'type': 'remove_user', 'user_name': 'admin', 'project': 'dev2'}
2021-10-25 15:46:32,184 - WIZARD-SERVER - INFO - test_conn
2021-10-25 15:46:34,038 - WIZARD-SERVER - INFO - New client : admin, ('192.168.0.26', 53437), dev2
2021-10-25 15:46:34,038 - WIZARD-SERVER - DEBUG - Broadcasting : {'type': 'new_user', 'user_name': 'admin', 'project': 'dev2'}
2021-10-25 15:47:19,912 - WIZARD-SERVER - DEBUG - Traceback (most recent call last):
  File "D:\SCRIPT\wizard_2\server.py", line 103, in recvall_with_given_len
    packet = sock.recv(n - len(data))
ConnectionResetError: [WinError 10054] An existing connection was forcibly closed by the remote host

2021-10-25 15:47:19,912 - WIZARD-SERVER - INFO - Removing client : admin, ('192.168.0.26', 53437), dev2
2021-10-25 15:47:19,927 - WIZARD-SERVER - DEBUG - Broadcasting : {'type': 'remove_user', 'user_name': 'admin', 'project': 'dev2'}
2021-10-25 15:48:22,746 - WIZARD-SERVER - INFO - test_conn
2021-10-25 15:48:24,684 - WIZARD-SERVER - INFO - New client : admin, ('192.168.0.26', 53541), dev2
2021-10-25 15:48:24,685 - WIZARD-SERVER - DEBUG - Broadcasting : {'type': 'new_user', 'user_name': 'admin', 'project': 'dev2'}
2021-10-25 15:48:50,284 - WIZARD-SERVER - DEBUG - Traceback (most recent call last):
  File "D:\SCRIPT\wizard_2\server.py", line 103, in recvall_with_given_len
    packet = sock.recv(n - len(data))
ConnectionResetError: [WinError 10054] An existing connection was forcibly closed by the remote host

2021-10-25 15:48:50,284 - WIZARD-SERVER - INFO - Removing client : admin, ('192.168.0.26', 53541), dev2
2021-10-25 15:48:50,300 - WIZARD-SERVER - DEBUG - Broadcasting : {'type': 'remove_user', 'user_name': 'admin', 'project': 'dev2'}
2021-10-25 15:48:54,991 - WIZARD-SERVER - INFO - test_conn
2021-10-25 15:48:56,875 - WIZARD-SERVER - INFO - New client : admin, ('192.168.0.26', 53650), dev2
2021-10-25 15:48:56,875 - WIZARD-SERVER - DEBUG - Broadcasting : {'type': 'new_user', 'user_name': 'admin', 'project': 'dev2'}
2021-10-25 15:49:08,143 - WIZARD-SERVER - DEBUG - Traceback (most recent call last):
  File "D:\SCRIPT\wizard_2\server.py", line 103, in recvall_with_given_len
    packet = sock.recv(n - len(data))
ConnectionResetError: [WinError 10054] An existing connection was forcibly closed by the remote host

2021-10-25 15:49:08,143 - WIZARD-SERVER - INFO - Removing client : admin, ('192.168.0.26', 53650), dev2
2021-10-25 15:49:08,158 - WIZARD-SERVER - DEBUG - Broadcasting : {'type': 'remove_user', 'user_name': 'admin', 'project': 'dev2'}
2021-10-25 15:49:13,350 - WIZARD-SERVER - INFO - test_conn
2021-10-25 15:49:15,306 - WIZARD-SERVER - INFO - New client : admin, ('192.168.0.26', 53757), dev2
2021-10-25 15:49:15,306 - WIZARD-SERVER - DEBUG - Broadcasting : {'type': 'new_user', 'user_name': 'admin', 'project': 'dev2'}
2021-10-25 15:49:56,349 - WIZARD-SERVER - DEBUG - Traceback (most recent call last):
  File "D:\SCRIPT\wizard_2\server.py", line 103, in recvall_with_given_len
    packet = sock.recv(n - len(data))
ConnectionResetError: [WinError 10054] An existing connection was forcibly closed by the remote host

2021-10-25 15:49:56,349 - WIZARD-SERVER - INFO - Removing client : admin, ('192.168.0.26', 53757), dev2
2021-10-25 15:49:56,365 - WIZARD-SERVER - DEBUG - Broadcasting : {'type': 'remove_user', 'user_name': 'admin', 'project': 'dev2'}
2021-10-25 15:50:01,325 - WIZARD-SERVER - INFO - test_conn
2021-10-25 15:50:03,276 - WIZARD-SERVER - INFO - New client : admin, ('192.168.0.26', 53873), dev2
2021-10-25 15:50:03,276 - WIZARD-SERVER - DEBUG - Broadcasting : {'type': 'new_user', 'user_name': 'admin', 'project': 'dev2'}
2021-10-25 15:52:46,329 - WIZARD-SERVER - DEBUG - Traceback (most recent call last):
  File "D:\SCRIPT\wizard_2\server.py", line 103, in recvall_with_given_len
    packet = sock.recv(n - len(data))
ConnectionResetError: [WinError 10054] An existing connection was forcibly closed by the remote host

2021-10-25 15:52:46,345 - WIZARD-SERVER - INFO - Removing client : admin, ('192.168.0.26', 53873), dev2
2021-10-25 15:52:46,345 - WIZARD-SERVER - DEBUG - Broadcasting : {'type': 'remove_user', 'user_name': 'admin', 'project': 'dev2'}
2021-10-25 15:52:51,204 - WIZARD-SERVER - INFO - test_conn
2021-10-25 15:52:52,855 - WIZARD-SERVER - INFO - New client : admin, ('192.168.0.26', 54086), dev2
2021-10-25 15:52:52,856 - WIZARD-SERVER - DEBUG - Broadcasting : {'type': 'new_user', 'user_name': 'admin', 'project': 'dev2'}
2021-10-25 15:53:04,825 - WIZARD-SERVER - DEBUG - Traceback (most recent call last):
  File "D:\SCRIPT\wizard_2\server.py", line 103, in recvall_with_given_len
    packet = sock.recv(n - len(data))
ConnectionResetError: [WinError 10054] An existing connection was forcibly closed by the remote host

2021-10-25 15:53:04,825 - WIZARD-SERVER - INFO - Removing client : admin, ('192.168.0.26', 54086), dev2
2021-10-25 15:53:04,825 - WIZARD-SERVER - DEBUG - Broadcasting : {'type': 'remove_user', 'user_name': 'admin', 'project': 'dev2'}
2021-10-25 15:53:38,098 - WIZARD-SERVER - INFO - test_conn
2021-10-25 15:53:39,834 - WIZARD-SERVER - INFO - New client : admin, ('192.168.0.26', 54172), dev2
2021-10-25 15:53:39,834 - WIZARD-SERVER - DEBUG - Broadcasting : {'type': 'new_user', 'user_name': 'admin', 'project': 'dev2'}
2021-10-25 15:55:09,725 - WIZARD-SERVER - DEBUG - Traceback (most recent call last):
  File "D:\SCRIPT\wizard_2\server.py", line 103, in recvall_with_given_len
    packet = sock.recv(n - len(data))
ConnectionResetError: [WinError 10054] An existing connection was forcibly closed by the remote host

2021-10-25 15:55:09,725 - WIZARD-SERVER - INFO - Removing client : admin, ('192.168.0.26', 54172), dev2
2021-10-25 15:55:09,725 - WIZARD-SERVER - DEBUG - Broadcasting : {'type': 'remove_user', 'user_name': 'admin', 'project': 'dev2'}
2021-10-25 15:55:14,547 - WIZARD-SERVER - INFO - test_conn
2021-10-25 15:56:21,844 - WIZARD-SERVER - INFO - test_conn
2021-10-25 15:56:23,763 - WIZARD-SERVER - INFO - New client : admin, ('192.168.0.26', 54336), dev2
2021-10-25 15:56:23,764 - WIZARD-SERVER - DEBUG - Broadcasting : {'type': 'new_user', 'user_name': 'admin', 'project': 'dev2'}
2021-10-25 17:10:23,799 - WIZARD-SERVER - DEBUG - Traceback (most recent call last):
  File "D:\SCRIPT\wizard_2\server.py", line 103, in recvall_with_given_len
    packet = sock.recv(n - len(data))
ConnectionResetError: [WinError 10054] An existing connection was forcibly closed by the remote host

2021-10-25 17:10:23,803 - WIZARD-SERVER - INFO - Removing client : admin, ('192.168.0.26', 54336), dev2
2021-10-25 17:10:23,805 - WIZARD-SERVER - DEBUG - Broadcasting : {'type': 'remove_user', 'user_name': 'admin', 'project': 'dev2'}
2021-10-25 17:10:29,280 - WIZARD-SERVER - INFO - test_conn
2021-10-25 17:10:32,337 - WIZARD-SERVER - INFO - New client : admin, ('192.168.0.26', 56913), dev2
2021-10-25 17:10:32,341 - WIZARD-SERVER - DEBUG - Broadcasting : {'type': 'new_user', 'user_name': 'admin', 'project': 'dev2'}
2021-10-25 17:17:20,000 - WIZARD-SERVER - DEBUG - Traceback (most recent call last):
  File "D:\SCRIPT\wizard_2\server.py", line 103, in recvall_with_given_len
    packet = sock.recv(n - len(data))
ConnectionResetError: [WinError 10054] An existing connection was forcibly closed by the remote host

2021-10-25 17:17:20,004 - WIZARD-SERVER - INFO - Removing client : admin, ('192.168.0.26', 56913), dev2
2021-10-25 17:17:20,004 - WIZARD-SERVER - DEBUG - Broadcasting : {'type': 'remove_user', 'user_name': 'admin', 'project': 'dev2'}
2021-10-25 17:17:25,240 - WIZARD-SERVER - INFO - test_conn
2021-10-25 17:17:49,906 - WIZARD-SERVER - INFO - test_conn
2021-10-25 17:17:51,974 - WIZARD-SERVER - INFO - New client : admin, ('192.168.0.26', 57180), dev2
2021-10-25 17:17:51,974 - WIZARD-SERVER - DEBUG - Broadcasting : {'type': 'new_user', 'user_name': 'admin', 'project': 'dev2'}
2021-10-25 17:22:59,801 - WIZARD-SERVER - DEBUG - Traceback (most recent call last):
  File "D:\SCRIPT\wizard_2\server.py", line 103, in recvall_with_given_len
    packet = sock.recv(n - len(data))
ConnectionResetError: [WinError 10054] An existing connection was forcibly closed by the remote host

2021-10-25 17:22:59,801 - WIZARD-SERVER - INFO - Removing client : admin, ('192.168.0.26', 57180), dev2
2021-10-25 17:22:59,806 - WIZARD-SERVER - DEBUG - Broadcasting : {'type': 'remove_user', 'user_name': 'admin', 'project': 'dev2'}
2021-10-25 17:23:04,816 - WIZARD-SERVER - INFO - test_conn
2021-10-25 17:23:06,827 - WIZARD-SERVER - INFO - New client : admin, ('192.168.0.26', 57350), dev2
2021-10-25 17:23:06,827 - WIZARD-SERVER - DEBUG - Broadcasting : {'type': 'new_user', 'user_name': 'admin', 'project': 'dev2'}
2021-10-25 17:23:23,445 - WIZARD-SERVER - DEBUG - Traceback (most recent call last):
  File "D:\SCRIPT\wizard_2\server.py", line 103, in recvall_with_given_len
    packet = sock.recv(n - len(data))
ConnectionResetError: [WinError 10054] An existing connection was forcibly closed by the remote host

2021-10-25 17:23:23,445 - WIZARD-SERVER - INFO - Removing client : admin, ('192.168.0.26', 57350), dev2
2021-10-25 17:23:23,445 - WIZARD-SERVER - DEBUG - Broadcasting : {'type': 'remove_user', 'user_name': 'admin', 'project': 'dev2'}
2021-10-25 17:24:21,840 - WIZARD-SERVER - INFO - test_conn
2021-10-25 17:24:23,695 - WIZARD-SERVER - INFO - New client : admin, ('192.168.0.26', 57481), dev2
2021-10-25 17:24:23,696 - WIZARD-SERVER - DEBUG - Broadcasting : {'type': 'new_user', 'user_name': 'admin', 'project': 'dev2'}
2021-10-25 17:24:30,681 - WIZARD-SERVER - DEBUG - Broadcasting : {'type': 'refresh_team', 'project': 'dev2'}
2021-10-25 17:24:34,356 - WIZARD-SERVER - DEBUG - Broadcasting : {'type': 'refresh_team', 'project': 'dev2'}
2021-10-25 17:24:35,149 - WIZARD-SERVER - DEBUG - Traceback (most recent call last):
  File "D:\SCRIPT\wizard_2\server.py", line 103, in recvall_with_given_len
    packet = sock.recv(n - len(data))
ConnectionResetError: [WinError 10054] An existing connection was forcibly closed by the remote host

2021-10-25 17:24:35,149 - WIZARD-SERVER - INFO - Removing client : admin, ('192.168.0.26', 57481), dev2
2021-10-25 17:24:35,153 - WIZARD-SERVER - DEBUG - Broadcasting : {'type': 'remove_user', 'user_name': 'admin', 'project': 'dev2'}
2021-10-25 17:24:51,234 - WIZARD-SERVER - INFO - test_conn
2021-10-25 17:24:53,147 - WIZARD-SERVER - INFO - New client : admin, ('192.168.0.26', 57753), dev2
2021-10-25 17:24:53,148 - WIZARD-SERVER - DEBUG - Broadcasting : {'type': 'new_user', 'user_name': 'admin', 'project': 'dev2'}
2021-10-25 17:24:57,124 - WIZARD-SERVER - DEBUG - Broadcasting : {'type': 'refresh_team', 'project': 'dev2'}
2021-10-25 17:25:03,436 - WIZARD-SERVER - DEBUG - Traceback (most recent call last):
  File "D:\SCRIPT\wizard_2\server.py", line 103, in recvall_with_given_len
    packet = sock.recv(n - len(data))
ConnectionResetError: [WinError 10054] An existing connection was forcibly closed by the remote host

2021-10-25 17:25:03,436 - WIZARD-SERVER - INFO - Removing client : admin, ('192.168.0.26', 57753), dev2
2021-10-25 17:25:03,444 - WIZARD-SERVER - DEBUG - Broadcasting : {'type': 'remove_user', 'user_name': 'admin', 'project': 'dev2'}
2021-10-25 17:27:21,878 - WIZARD-SERVER - INFO - test_conn
2021-10-25 17:27:23,799 - WIZARD-SERVER - INFO - New client : admin, ('192.168.0.26', 57889), dev2
2021-10-25 17:27:23,799 - WIZARD-SERVER - DEBUG - Broadcasting : {'type': 'new_user', 'user_name': 'admin', 'project': 'dev2'}
2021-10-25 17:28:42,936 - WIZARD-SERVER - DEBUG - Broadcasting : {'type': 'refresh_team', 'project': 'dev2'}
2021-10-25 17:29:20,386 - WIZARD-SERVER - DEBUG - Broadcasting : {'type': 'refresh_team', 'project': 'dev2'}
2021-10-25 17:29:23,725 - WIZARD-SERVER - DEBUG - Broadcasting : {'type': 'refresh_team', 'project': 'dev2'}
2021-10-25 17:29:43,906 - WIZARD-SERVER - DEBUG - Broadcasting : {'type': 'refresh_team', 'project': 'dev2'}
2021-10-25 17:29:50,386 - WIZARD-SERVER - DEBUG - Broadcasting : {'type': 'refresh_team', 'project': 'dev2'}
2021-10-25 17:30:14,556 - WIZARD-SERVER - DEBUG - Broadcasting : {'type': 'refresh_team', 'project': 'dev2'}
2021-10-25 17:32:07,368 - WIZARD-SERVER - DEBUG - Traceback (most recent call last):
  File "D:\SCRIPT\wizard_2\server.py", line 103, in recvall_with_given_len
    packet = sock.recv(n - len(data))
ConnectionResetError: [WinError 10054] An existing connection was forcibly closed by the remote host

2021-10-25 17:32:07,368 - WIZARD-SERVER - INFO - Removing client : admin, ('192.168.0.26', 57889), dev2
2021-10-25 17:32:07,377 - WIZARD-SERVER - DEBUG - Broadcasting : {'type': 'remove_user', 'user_name': 'admin', 'project': 'dev2'}
2021-10-25 17:32:12,187 - WIZARD-SERVER - INFO - test_conn
2021-10-25 17:32:14,212 - WIZARD-SERVER - INFO - New client : admin, ('192.168.0.26', 58391), dev2
2021-10-25 17:32:14,212 - WIZARD-SERVER - DEBUG - Broadcasting : {'type': 'new_user', 'user_name': 'admin', 'project': 'dev2'}
2021-10-25 17:34:01,142 - WIZARD-SERVER - DEBUG - Traceback (most recent call last):
  File "D:\SCRIPT\wizard_2\server.py", line 103, in recvall_with_given_len
    packet = sock.recv(n - len(data))
ConnectionResetError: [WinError 10054] An existing connection was forcibly closed by the remote host

2021-10-25 17:34:01,142 - WIZARD-SERVER - INFO - Removing client : admin, ('192.168.0.26', 58391), dev2
2021-10-25 17:34:01,142 - WIZARD-SERVER - DEBUG - Broadcasting : {'type': 'remove_user', 'user_name': 'admin', 'project': 'dev2'}
2021-10-25 17:34:06,112 - WIZARD-SERVER - INFO - test_conn
2021-10-25 17:34:08,002 - WIZARD-SERVER - INFO - New client : admin, ('192.168.0.26', 58507), dev2
2021-10-25 17:34:08,002 - WIZARD-SERVER - DEBUG - Broadcasting : {'type': 'new_user', 'user_name': 'admin', 'project': 'dev2'}
2021-10-25 17:34:34,232 - WIZARD-SERVER - DEBUG - Traceback (most recent call last):
  File "D:\SCRIPT\wizard_2\server.py", line 103, in recvall_with_given_len
    packet = sock.recv(n - len(data))
ConnectionResetError: [WinError 10054] An existing connection was forcibly closed by the remote host

2021-10-25 17:34:34,232 - WIZARD-SERVER - INFO - Removing client : admin, ('192.168.0.26', 58507), dev2
2021-10-25 17:34:34,242 - WIZARD-SERVER - DEBUG - Broadcasting : {'type': 'remove_user', 'user_name': 'admin', 'project': 'dev2'}
2021-10-25 17:46:11,965 - WIZARD-SERVER - INFO - test_conn
2021-10-25 17:46:13,949 - WIZARD-SERVER - INFO - New client : admin, ('192.168.0.26', 58673), dev2
2021-10-25 17:46:13,950 - WIZARD-SERVER - DEBUG - Broadcasting : {'type': 'new_user', 'user_name': 'admin', 'project': 'dev2'}
2021-10-25 17:46:15,332 - WIZARD-SERVER - DEBUG - Traceback (most recent call last):
  File "D:\SCRIPT\wizard_2\server.py", line 103, in recvall_with_given_len
    packet = sock.recv(n - len(data))
ConnectionResetError: [WinError 10054] An existing connection was forcibly closed by the remote host

2021-10-25 17:46:15,334 - WIZARD-SERVER - INFO - Removing client : admin, ('192.168.0.26', 58673), dev2
2021-10-25 17:46:15,334 - WIZARD-SERVER - DEBUG - Broadcasting : {'type': 'remove_user', 'user_name': 'admin', 'project': 'dev2'}
2021-10-25 17:46:36,315 - WIZARD-SERVER - INFO - test_conn
2021-10-25 17:46:38,370 - WIZARD-SERVER - INFO - New client : admin, ('192.168.0.26', 58735), dev2
2021-10-25 17:46:38,370 - WIZARD-SERVER - DEBUG - Broadcasting : {'type': 'new_user', 'user_name': 'admin', 'project': 'dev2'}
2021-10-25 17:46:39,753 - WIZARD-SERVER - DEBUG - Traceback (most recent call last):
  File "D:\SCRIPT\wizard_2\server.py", line 103, in recvall_with_given_len
    packet = sock.recv(n - len(data))
ConnectionResetError: [WinError 10054] An existing connection was forcibly closed by the remote host

2021-10-25 17:46:39,754 - WIZARD-SERVER - INFO - Removing client : admin, ('192.168.0.26', 58735), dev2
2021-10-25 17:46:39,754 - WIZARD-SERVER - DEBUG - Broadcasting : {'type': 'remove_user', 'user_name': 'admin', 'project': 'dev2'}
2021-10-25 17:47:02,005 - WIZARD-SERVER - INFO - test_conn
2021-10-25 17:47:05,285 - WIZARD-SERVER - INFO - New client : admin, ('192.168.0.26', 58830), dev2
2021-10-25 17:47:05,285 - WIZARD-SERVER - DEBUG - Broadcasting : {'type': 'new_user', 'user_name': 'admin', 'project': 'dev2'}
2021-10-25 17:48:37,315 - WIZARD-SERVER - DEBUG - Traceback (most recent call last):
  File "D:\SCRIPT\wizard_2\server.py", line 103, in recvall_with_given_len
    packet = sock.recv(n - len(data))
ConnectionResetError: [WinError 10054] An existing connection was forcibly closed by the remote host

2021-10-25 17:48:37,315 - WIZARD-SERVER - INFO - Removing client : admin, ('192.168.0.26', 58830), dev2
2021-10-25 17:48:37,320 - WIZARD-SERVER - DEBUG - Broadcasting : {'type': 'remove_user', 'user_name': 'admin', 'project': 'dev2'}
2021-10-25 17:48:42,480 - WIZARD-SERVER - INFO - test_conn
2021-10-25 17:48:44,550 - WIZARD-SERVER - INFO - New client : admin, ('192.168.0.26', 58945), dev2
2021-10-25 17:48:44,550 - WIZARD-SERVER - DEBUG - Broadcasting : {'type': 'new_user', 'user_name': 'admin', 'project': 'dev2'}
2021-10-25 17:54:49,639 - WIZARD-SERVER - DEBUG - Traceback (most recent call last):
  File "D:\SCRIPT\wizard_2\server.py", line 103, in recvall_with_given_len
    packet = sock.recv(n - len(data))
ConnectionResetError: [WinError 10054] An existing connection was forcibly closed by the remote host

2021-10-25 17:54:49,655 - WIZARD-SERVER - INFO - Removing client : admin, ('192.168.0.26', 58945), dev2
2021-10-25 17:54:49,655 - WIZARD-SERVER - DEBUG - Broadcasting : {'type': 'remove_user', 'user_name': 'admin', 'project': 'dev2'}
2021-10-25 18:03:37,501 - WIZARD-SERVER - INFO - test_conn
2021-10-25 18:03:39,610 - WIZARD-SERVER - INFO - New client : admin, ('192.168.0.26', 52851), dev2
2021-10-25 18:03:39,610 - WIZARD-SERVER - DEBUG - Broadcasting : {'type': 'new_user', 'user_name': 'admin', 'project': 'dev2'}
2021-10-25 18:03:51,997 - WIZARD-SERVER - DEBUG - Traceback (most recent call last):
  File "D:\SCRIPT\wizard_2\server.py", line 103, in recvall_with_given_len
    packet = sock.recv(n - len(data))
ConnectionResetError: [WinError 10054] An existing connection was forcibly closed by the remote host

2021-10-25 18:03:51,998 - WIZARD-SERVER - INFO - Removing client : admin, ('192.168.0.26', 52851), dev2
2021-10-25 18:03:52,001 - WIZARD-SERVER - DEBUG - Broadcasting : {'type': 'remove_user', 'user_name': 'admin', 'project': 'dev2'}
2021-10-25 18:03:54,521 - WIZARD-SERVER - INFO - test_conn
2021-10-25 18:04:01,381 - WIZARD-SERVER - INFO - New client : a.manzanares, ('192.168.0.26', 64511), dev
2021-10-25 18:04:01,381 - WIZARD-SERVER - DEBUG - Broadcasting : {'type': 'new_user', 'user_name': 'a.manzanares', 'project': 'dev'}
2021-10-25 18:04:16,450 - WIZARD-SERVER - DEBUG - Broadcasting : {'type': 'refresh_team', 'project': 'dev'}
2021-10-25 18:04:22,360 - WIZARD-SERVER - DEBUG - Broadcasting : {'type': 'refresh_team', 'project': 'dev'}
2021-10-25 18:04:25,846 - WIZARD-SERVER - DEBUG - Broadcasting : {'type': 'refresh_team', 'project': 'dev'}
2021-10-25 18:13:39,315 - WIZARD-SERVER - DEBUG - Traceback (most recent call last):
  File "D:\SCRIPT\wizard_2\server.py", line 103, in recvall_with_given_len
    packet = sock.recv(n - len(data))
ConnectionResetError: [WinError 10054] An existing connection was forcibly closed by the remote host

2021-10-25 18:13:39,315 - WIZARD-SERVER - INFO - Removing client : a.manzanares, ('192.168.0.26', 64511), dev
2021-10-25 18:13:39,324 - WIZARD-SERVER - DEBUG - Broadcasting : {'type': 'remove_user', 'user_name': 'a.manzanares', 'project': 'dev'}
2021-10-25 18:13:51,415 - WIZARD-SERVER - INFO - test_conn
2021-10-25 18:14:00,485 - WIZARD-SERVER - INFO - test_conn
2021-10-25 18:14:02,587 - WIZARD-SERVER - INFO - New client : a.manzanares, ('192.168.0.26', 64970), dev
2021-10-25 18:14:02,588 - WIZARD-SERVER - DEBUG - Broadcasting : {'type': 'new_user', 'user_name': 'a.manzanares', 'project': 'dev'}
2021-10-25 18:14:08,139 - WIZARD-SERVER - DEBUG - Traceback (most recent call last):
  File "D:\SCRIPT\wizard_2\server.py", line 103, in recvall_with_given_len
    packet = sock.recv(n - len(data))
ConnectionResetError: [WinError 10054] An existing connection was forcibly closed by the remote host

2021-10-25 18:14:08,139 - WIZARD-SERVER - INFO - Removing client : a.manzanares, ('192.168.0.26', 64970), dev
2021-10-25 18:14:08,144 - WIZARD-SERVER - DEBUG - Broadcasting : {'type': 'remove_user', 'user_name': 'a.manzanares', 'project': 'dev'}
2021-10-25 18:14:43,215 - WIZARD-SERVER - INFO - test_conn
2021-10-25 18:14:45,174 - WIZARD-SERVER - INFO - New client : a.manzanares, ('192.168.0.26', 65050), dev
2021-10-25 18:14:45,175 - WIZARD-SERVER - DEBUG - Broadcasting : {'type': 'new_user', 'user_name': 'a.manzanares', 'project': 'dev'}
2021-10-25 18:14:48,515 - WIZARD-SERVER - DEBUG - Traceback (most recent call last):
  File "D:\SCRIPT\wizard_2\server.py", line 103, in recvall_with_given_len
    packet = sock.recv(n - len(data))
ConnectionResetError: [WinError 10054] An existing connection was forcibly closed by the remote host

2021-10-25 18:14:48,515 - WIZARD-SERVER - INFO - Removing client : a.manzanares, ('192.168.0.26', 65050), dev
2021-10-25 18:14:48,515 - WIZARD-SERVER - DEBUG - Broadcasting : {'type': 'remove_user', 'user_name': 'a.manzanares', 'project': 'dev'}
2021-10-25 18:14:58,655 - WIZARD-SERVER - INFO - test_conn
2021-10-25 18:15:00,750 - WIZARD-SERVER - INFO - New client : a.manzanares, ('192.168.0.26', 65128), dev
2021-10-25 18:15:00,750 - WIZARD-SERVER - DEBUG - Broadcasting : {'type': 'new_user', 'user_name': 'a.manzanares', 'project': 'dev'}
2021-10-25 18:15:06,107 - WIZARD-SERVER - DEBUG - Traceback (most recent call last):
  File "D:\SCRIPT\wizard_2\server.py", line 103, in recvall_with_given_len
    packet = sock.recv(n - len(data))
ConnectionResetError: [WinError 10054] An existing connection was forcibly closed by the remote host

2021-10-25 18:15:06,107 - WIZARD-SERVER - INFO - Removing client : a.manzanares, ('192.168.0.26', 65128), dev
2021-10-25 18:15:06,111 - WIZARD-SERVER - DEBUG - Broadcasting : {'type': 'remove_user', 'user_name': 'a.manzanares', 'project': 'dev'}
2021-10-25 18:15:25,243 - WIZARD-SERVER - INFO - test_conn
2021-10-25 18:15:27,523 - WIZARD-SERVER - INFO - New client : a.manzanares, ('192.168.0.26', 65208), dev
2021-10-25 18:15:27,524 - WIZARD-SERVER - DEBUG - Broadcasting : {'type': 'new_user', 'user_name': 'a.manzanares', 'project': 'dev'}
2021-10-25 18:16:33,029 - WIZARD-SERVER - DEBUG - Traceback (most recent call last):
  File "D:\SCRIPT\wizard_2\server.py", line 103, in recvall_with_given_len
    packet = sock.recv(n - len(data))
ConnectionResetError: [WinError 10054] An existing connection was forcibly closed by the remote host

2021-10-25 18:16:33,029 - WIZARD-SERVER - INFO - Removing client : a.manzanares, ('192.168.0.26', 65208), dev
2021-10-25 18:16:33,029 - WIZARD-SERVER - DEBUG - Broadcasting : {'type': 'remove_user', 'user_name': 'a.manzanares', 'project': 'dev'}
2021-10-25 18:17:04,863 - WIZARD-SERVER - INFO - test_conn
2021-10-25 18:17:06,883 - WIZARD-SERVER - INFO - New client : a.manzanares, ('192.168.0.26', 65297), dev
2021-10-25 18:17:06,883 - WIZARD-SERVER - DEBUG - Broadcasting : {'type': 'new_user', 'user_name': 'a.manzanares', 'project': 'dev'}
2021-10-25 18:17:44,456 - WIZARD-SERVER - DEBUG - Traceback (most recent call last):
  File "D:\SCRIPT\wizard_2\server.py", line 103, in recvall_with_given_len
    packet = sock.recv(n - len(data))
ConnectionResetError: [WinError 10054] An existing connection was forcibly closed by the remote host

2021-10-25 18:17:44,457 - WIZARD-SERVER - INFO - Removing client : a.manzanares, ('192.168.0.26', 65297), dev
2021-10-25 18:17:44,461 - WIZARD-SERVER - DEBUG - Broadcasting : {'type': 'remove_user', 'user_name': 'a.manzanares', 'project': 'dev'}
2021-10-25 18:17:47,019 - WIZARD-SERVER - INFO - test_conn
2021-10-25 18:17:53,769 - WIZARD-SERVER - INFO - New client : g.brunel, ('192.168.0.26', 65391), dev
2021-10-25 18:17:53,769 - WIZARD-SERVER - DEBUG - Broadcasting : {'type': 'new_user', 'user_name': 'g.brunel', 'project': 'dev'}
2021-10-25 18:18:00,024 - WIZARD-SERVER - DEBUG - Broadcasting : {'type': 'refresh_team', 'project': 'dev'}
2021-10-25 18:18:14,509 - WIZARD-SERVER - DEBUG - Broadcasting : {'type': 'refresh_team', 'project': 'dev'}
2021-10-25 18:19:18,339 - WIZARD-SERVER - DEBUG - Traceback (most recent call last):
  File "D:\SCRIPT\wizard_2\server.py", line 103, in recvall_with_given_len
    packet = sock.recv(n - len(data))
ConnectionResetError: [WinError 10054] An existing connection was forcibly closed by the remote host

2021-10-25 18:19:18,339 - WIZARD-SERVER - INFO - Removing client : g.brunel, ('192.168.0.26', 65391), dev
2021-10-25 18:19:18,339 - WIZARD-SERVER - DEBUG - Broadcasting : {'type': 'remove_user', 'user_name': 'g.brunel', 'project': 'dev'}
2021-10-25 18:20:58,260 - WIZARD-SERVER - INFO - test_conn
2021-10-25 18:21:00,490 - WIZARD-SERVER - INFO - New client : g.brunel, ('192.168.0.26', 65429), dev
2021-10-25 18:21:00,490 - WIZARD-SERVER - DEBUG - Broadcasting : {'type': 'new_user', 'user_name': 'g.brunel', 'project': 'dev'}
2021-10-25 18:21:39,440 - WIZARD-SERVER - DEBUG - Traceback (most recent call last):
  File "D:\SCRIPT\wizard_2\server.py", line 103, in recvall_with_given_len
    packet = sock.recv(n - len(data))
ConnectionResetError: [WinError 10054] An existing connection was forcibly closed by the remote host

2021-10-25 18:21:39,440 - WIZARD-SERVER - INFO - Removing client : g.brunel, ('192.168.0.26', 65429), dev
2021-10-25 18:21:39,440 - WIZARD-SERVER - DEBUG - Broadcasting : {'type': 'remove_user', 'user_name': 'g.brunel', 'project': 'dev'}
2021-10-25 18:22:03,748 - WIZARD-SERVER - INFO - test_conn
2021-10-25 18:22:05,810 - WIZARD-SERVER - INFO - New client : g.brunel, ('192.168.0.26', 65502), dev
2021-10-25 18:22:05,810 - WIZARD-SERVER - DEBUG - Broadcasting : {'type': 'new_user', 'user_name': 'g.brunel', 'project': 'dev'}
2021-10-25 18:25:09,513 - WIZARD-SERVER - DEBUG - Traceback (most recent call last):
  File "D:\SCRIPT\wizard_2\server.py", line 103, in recvall_with_given_len
    packet = sock.recv(n - len(data))
ConnectionResetError: [WinError 10054] An existing connection was forcibly closed by the remote host

2021-10-25 18:25:09,513 - WIZARD-SERVER - INFO - Removing client : g.brunel, ('192.168.0.26', 65502), dev
2021-10-25 18:25:09,523 - WIZARD-SERVER - DEBUG - Broadcasting : {'type': 'remove_user', 'user_name': 'g.brunel', 'project': 'dev'}
2021-10-25 18:25:14,993 - WIZARD-SERVER - INFO - test_conn
2021-10-25 18:25:17,223 - WIZARD-SERVER - INFO - New client : g.brunel, ('192.168.0.26', 49220), dev
2021-10-25 18:25:17,223 - WIZARD-SERVER - DEBUG - Broadcasting : {'type': 'new_user', 'user_name': 'g.brunel', 'project': 'dev'}
2021-10-25 18:26:10,821 - WIZARD-SERVER - DEBUG - Traceback (most recent call last):
  File "D:\SCRIPT\wizard_2\server.py", line 103, in recvall_with_given_len
    packet = sock.recv(n - len(data))
ConnectionResetError: [WinError 10054] An existing connection was forcibly closed by the remote host

2021-10-25 18:26:10,821 - WIZARD-SERVER - INFO - Removing client : g.brunel, ('192.168.0.26', 49220), dev
2021-10-25 18:26:10,821 - WIZARD-SERVER - DEBUG - Broadcasting : {'type': 'remove_user', 'user_name': 'g.brunel', 'project': 'dev'}
2021-10-25 18:26:16,981 - WIZARD-SERVER - INFO - test_conn
2021-10-25 18:26:19,251 - WIZARD-SERVER - INFO - New client : g.brunel, ('192.168.0.26', 49299), dev
2021-10-25 18:26:19,251 - WIZARD-SERVER - DEBUG - Broadcasting : {'type': 'new_user', 'user_name': 'g.brunel', 'project': 'dev'}
2021-10-25 18:26:55,219 - WIZARD-SERVER - DEBUG - Traceback (most recent call last):
  File "D:\SCRIPT\wizard_2\server.py", line 103, in recvall_with_given_len
    packet = sock.recv(n - len(data))
ConnectionResetError: [WinError 10054] An existing connection was forcibly closed by the remote host

2021-10-25 18:26:55,220 - WIZARD-SERVER - INFO - Removing client : g.brunel, ('192.168.0.26', 49299), dev
2021-10-25 18:26:55,223 - WIZARD-SERVER - DEBUG - Broadcasting : {'type': 'remove_user', 'user_name': 'g.brunel', 'project': 'dev'}
2021-10-25 18:26:57,811 - WIZARD-SERVER - INFO - test_conn
2021-10-25 18:27:04,821 - WIZARD-SERVER - INFO - New client : l.brunel, ('192.168.0.26', 49398), dev
2021-10-25 18:27:04,821 - WIZARD-SERVER - DEBUG - Broadcasting : {'type': 'new_user', 'user_name': 'l.brunel', 'project': 'dev'}
2021-10-25 18:27:08,438 - WIZARD-SERVER - DEBUG - Broadcasting : {'type': 'refresh_team', 'project': 'dev'}
2021-10-25 18:28:16,321 - WIZARD-SERVER - DEBUG - Traceback (most recent call last):
  File "D:\SCRIPT\wizard_2\server.py", line 103, in recvall_with_given_len
    packet = sock.recv(n - len(data))
ConnectionResetError: [WinError 10054] An existing connection was forcibly closed by the remote host

2021-10-25 18:28:16,321 - WIZARD-SERVER - INFO - Removing client : l.brunel, ('192.168.0.26', 49398), dev
2021-10-25 18:28:16,321 - WIZARD-SERVER - DEBUG - Broadcasting : {'type': 'remove_user', 'user_name': 'l.brunel', 'project': 'dev'}
